MaxMapsize: 11
MaxMapsize: 12
MaxMapsize: 14
MaxMapsize: 15
MaxMapsize: 16
MaxMapsize: 18
MaxMapsize: 19
MaxMapsize: 21
MaxMapsize: 22
MaxMapsize: 24
MaxMapsize: 25
MaxMapsize: 26
MaxMapsize: 29
MaxMapsize: 30
MaxMapsize: 32
MaxMapsize: 33
MaxMapsize: 34
MaxMapsize: 35
MaxMapsize: 36
MaxMapsize: 38
MaxMapsize: 42
MaxMapsize: 43
MaxMapsize: 44
MaxMapsize: 45
MaxMapsize: 47
MaxMapsize: 48
MaxMapsize: 50
MaxMapsize: 51
MaxMapsize: 52
MaxMapsize: 54
MaxMapsize: 55
MaxMapsize: 56
MaxMapsize: 57
MaxMapsize: 58
MaxMapsize: 59
MaxMapsize: 60
MaxMapsize: 64
MaxMapsize: 65
MaxMapsize: 66
MaxMapsize: 67
MaxMapsize: 68
MaxMapsize: 70
MaxMapsize: 71
MaxMapsize: 72
MaxMapsize: 73
MaxMapsize: 74
MaxMapsize: 75
MaxMapsize: 76
MaxMapsize: 77
MaxMapsize: 78
MaxMapsize: 79
MaxMapsize: 80
MaxMapsize: 81
MaxMapsize: 83
MaxMapsize: 84
MaxMapsize: 85
MaxMapsize: 85
MaxMapsize: 86
MaxMapsize: 88
MaxMapsize: 90
MaxMapsize: 91
MaxMapsize: 92
MaxMapsize: 93
MaxMapsize: 98
MaxMapsize: 99
MaxMapsize: 100
MaxMapsize: 101
MaxMapsize: 102
MaxMapsize: 103
MaxMapsize: 104
MaxMapsize: 105
MaxMapsize: 106
MaxMapsize: 107
MaxMapsize: 109
MaxMapsize: 110
MaxMapsize: 110
MaxMapsize: 112
MaxMapsize: 112
MaxMapsize: 132
MaxMapsize: 132
MaxMapsize: 134
MaxMapsize: 134
MaxMapsize: 135
MaxMapsize: 136
MaxMapsize: 137
MaxMapsize: 138
MaxMapsize: 139
MaxMapsize: 140
MaxMapsize: 141
MaxMapsize: 142
MaxMapsize: 142
MaxMapsize: 143
MaxMapsize: 144
MaxMapsize: 145
MaxMapsize: 146
MaxMapsize: 150
MaxMapsize: 151
